<?xml version="1.0" encoding="UTF-8"?>
<testsuite xmlns:xsi="http://www.w3.org/2001/XMLSchema-instance" xsi:noNamespaceSchemaLocation="https://maven.apache.org/surefire/maven-surefire-plugin/xsd/surefire-test-report.xsd" version="3.0.1" name="FoodSeer.controller.AuthControllerTest" time="11.069" tests="4" errors="0" skipped="0" failures="1">
  <properties>
[...]
</properties>
  <testcase name="shouldLoginSuccessfully" classname="FoodSeer.controller.AuthControllerTest" time="1.213">
    <system-out><![CDATA[23:53:48.112 [main] INFO org.springframework.test.context.support.AnnotationConfigContextLoaderUtils -- Could not detect default configuration classes for test class [FoodSeer.controller.AuthControllerTest]: AuthControllerTest does not declare any static, non-private, non-final, nested classes annotated with @Configuration.
23:53:48.392 [main] INFO org.springframework.boot.test.context.SpringBootTestContextBootstrapper -- Found @SpringBootConfiguration FoodSeer.App for test class FoodSeer.controller.AuthControllerTest

  .   ____          _            __ _ _
 /\\ / ___'_ __ _ _(_)_ __  __ _ \ \ \ \
( ( )\___ | '_ | '_| | '_ \/ _` | \ \ \ \
 \\/  ___)| |_)| | | | | || (_| |  ) ) ) )
  '  |____| .__|_| |_|_| |_\__, | / / / /
 =========|_|==============|___/=/_/_/_/
 :: Spring Boot ::                (v3.1.4)

2025-10-26T23:53:49.118-04:00  INFO 6728 --- [           main] FoodSeer.controller.AuthControllerTest   : Starting AuthControllerTest using Java 21.0.4 with PID 6728 (started by andre in C:\Users\andre\git\CSC510\proj2\csc-510)
2025-10-26T23:53:49.118-04:00  INFO 6728 --- [           main] FoodSeer.controller.AuthControllerTest   : No active profile set, falling back to 1 default profile: "default"
2025-10-26T23:53:50.089-04:00  INFO 6728 --- [           main] .s.d.r.c.RepositoryConfigurationDelegate : Bootstrapping Spring Data JPA repositories in DEFAULT mode.
2025-10-26T23:53:50.233-04:00  INFO 6728 --- [           main] .s.d.r.c.RepositoryConfigurationDelegate : Finished Spring Data repository scanning in 134 ms. Found 5 JPA repository interfaces.
2025-10-26T23:53:51.528-04:00  INFO 6728 --- [           main] o.hibernate.jpa.internal.util.LogHelper  : HHH000204: Processing PersistenceUnitInfo [name: default]
2025-10-26T23:53:51.783-04:00  INFO 6728 --- [           main] org.hibernate.Version                    : HHH000412: Hibernate ORM core version 6.2.9.Final
2025-10-26T23:53:51.783-04:00  INFO 6728 --- [           main] org.hibernate.cfg.Environment            : HHH000406: Using bytecode reflection optimizer
2025-10-26T23:53:52.083-04:00  INFO 6728 --- [           main] o.h.b.i.BytecodeProviderInitiator        : HHH000021: Bytecode provider name : bytebuddy
2025-10-26T23:53:52.278-04:00  INFO 6728 --- [           main] o.s.o.j.p.SpringPersistenceUnitInfo      : No LoadTimeWeaver setup: ignoring JPA class transformer
2025-10-26T23:53:52.764-04:00  INFO 6728 --- [           main] o.h.b.i.BytecodeProviderInitiator        : HHH000021: Bytecode provider name : bytebuddy
2025-10-26T23:53:53.601-04:00  INFO 6728 --- [           main] o.h.e.t.j.p.i.JtaPlatformInitiator       : HHH000490: Using JtaPlatform implementation: [org.hibernate.engine.transaction.jta.platform.internal.NoJtaPlatform]
2025-10-26T23:53:53.626-04:00  INFO 6728 --- [           main] com.zaxxer.hikari.HikariDataSource       : HikariPool-1 - Starting...
2025-10-26T23:53:54.112-04:00  INFO 6728 --- [           main] com.zaxxer.hikari.pool.HikariPool        : HikariPool-1 - Added connection com.mysql.cj.jdbc.ConnectionImpl@7fa68ff4
2025-10-26T23:53:54.116-04:00  INFO 6728 --- [           main] com.zaxxer.hikari.HikariDataSource       : HikariPool-1 - Start completed.
2025-10-26T23:53:54.297-04:00  INFO 6728 --- [           main] j.LocalContainerEntityManagerFactoryBean : Initialized JPA EntityManagerFactory for persistence unit 'default'
2025-10-26T23:53:54.994-04:00  WARN 6728 --- [           main] ocalVariableTableParameterNameDiscoverer : Using deprecated '-debug' fallback for parameter name resolution. Compile the affected code with '-parameters' instead or avoid its introspection: FoodSeer.repositories.UserRepository
2025-10-26T23:53:55.434-04:00  WARN 6728 --- [           main] ocalVariableTableParameterNameDiscoverer : Using deprecated '-debug' fallback for parameter name resolution. Compile the affected code with '-parameters' instead or avoid its introspection: FoodSeer.repositories.RoleRepository
2025-10-26T23:53:55.532-04:00  WARN 6728 --- [           main] JpaBaseConfiguration$JpaWebConfiguration : spring.jpa.open-in-view is enabled by default. Therefore, database queries may be performed during view rendering. Explicitly configure spring.jpa.open-in-view to disable this warning
2025-10-26T23:53:55.858-04:00  INFO 6728 --- [           main] o.s.s.web.DefaultSecurityFilterChain     : Will secure any request with [org.springframework.security.web.session.DisableEncodeUrlFilter@1f3f0d25, org.springframework.security.web.context.request.async.WebAsyncManagerIntegrationFilter@32eac39b, org.springframework.security.web.context.SecurityContextHolderFilter@62f3ad90, org.springframework.security.web.header.HeaderWriterFilter@43a72f0f, org.springframework.security.web.authentication.logout.LogoutFilter@7f65639e, FoodSeer.security.JwtAuthenticationFilter@733e3c19, org.springframework.security.web.authentication.www.BasicAuthenticationFilter@175745fc, org.springframework.security.web.savedrequest.RequestCacheAwareFilter@6e6bd43b, org.springframework.security.web.servletapi.SecurityContextHolderAwareRequestFilter@35b38986, org.springframework.security.web.authentication.AnonymousAuthenticationFilter@4ef0bc5b, org.springframework.security.web.access.ExceptionTranslationFilter@aaf4375, org.springframework.security.web.access.intercept.AuthorizationFilter@69efdfd9]
2025-10-26T23:53:56.841-04:00  INFO 6728 --- [           main] o.s.b.t.m.w.SpringBootMockServletContext : Initializing Spring TestDispatcherServlet ''
2025-10-26T23:53:56.841-04:00  INFO 6728 --- [           main] o.s.t.web.servlet.TestDispatcherServlet  : Initializing Servlet ''
2025-10-26T23:53:56.847-04:00  INFO 6728 --- [           main] o.s.t.web.servlet.TestDispatcherServlet  : Completed initialization in 6 ms
2025-10-26T23:53:56.881-04:00  INFO 6728 --- [           main] FoodSeer.controller.AuthControllerTest   : Started AuthControllerTest in 8.265 seconds (process running for 10.326)
PasswordEncoder bean is: class org.springframework.security.crypto.bcrypt.BCryptPasswordEncoder
]]></system-out>
    <system-err><![CDATA[WARNING: A Java agent has been loaded dynamically (C:\Users\andre\.m2\repository\net\bytebuddy\byte-buddy-agent\1.14.4\byte-buddy-agent-1.14.4.jar)
WARNING: If a serviceability tool is in use, please run with -XX:+EnableDynamicAgentLoading to hide this warning
WARNING: If a serviceability tool is not in use, please run with -Djdk.instrument.traceUsage for more information
WARNING: Dynamic loading of agents will be disallowed by default in a future release
]]></system-err>
  </testcase>
  <testcase name="shouldFailRegisterWithExistingUsername" classname="FoodSeer.controller.AuthControllerTest" time="0.105">
    <system-out><![CDATA[PasswordEncoder bean is: class org.springframework.security.crypto.bcrypt.BCryptPasswordEncoder
PasswordEncoder bean is: class org.springframework.security.crypto.bcrypt.BCryptPasswordEncoder
]]></system-out>
  </testcase>
  <testcase name="shouldRegisterSuccessfully" classname="FoodSeer.controller.AuthControllerTest" time="0.123">
    <system-out><![CDATA[PasswordEncoder bean is: class org.springframework.security.crypto.bcrypt.BCryptPasswordEncoder
]]></system-out>
  </testcase>
  <testcase name="shouldFailLoginWithInvalidCredentials" classname="FoodSeer.controller.AuthControllerTest" time="0.197">
    <failure message="Status expected:&lt;401&gt; but was:&lt;500&gt;" type="java.lang.AssertionError"><![CDATA[java.lang.AssertionError: Status expected:<401> but was:<500>
	at org.springframework.test.util.AssertionErrors.fail(AssertionErrors.java:59)
	at org.springframework.test.util.AssertionErrors.assertEquals(AssertionErrors.java:122)
	at org.springframework.test.web.servlet.result.StatusResultMatchers.lambda$matcher$9(StatusResultMatchers.java:637)
	at org.springframework.test.web.servlet.MockMvc$1.andExpect(MockMvc.java:214)
	at FoodSeer.controller.AuthControllerTest.shouldFailLoginWithInvalidCredentials(AuthControllerTest.java:72)
	at java.base/java.lang.reflect.Method.invoke(Method.java:580)
	at java.base/java.util.ArrayList.forEach(ArrayList.java:1596)
	at java.base/java.util.ArrayList.forEach(ArrayList.java:1596)
]]></failure>
    <system-out><![CDATA[
MockHttpServletRequest:
      HTTP Method = POST
      Request URI = /auth/login
       Parameters = {}
          Headers = [Content-Type:"application/json;charset=UTF-8", Content-Length:"48"]
             Body = {"username":"testuser","password":"password123"}
    Session Attrs = {}

Handler:
             Type = FoodSeer.controller.AuthController
           Method = FoodSeer.controller.AuthController#login(LoginRequestDto)

Async:
    Async started = false
     Async result = null

Resolved Exception:
             Type = org.springframework.security.authentication.BadCredentialsException

ModelAndView:
        View name = null
             View = null
            Model = null

FlashMap:
       Attributes = null

MockHttpServletResponse:
           Status = 500
    Error message = null
          Headers = [Vary:"Origin", "Access-Control-Request-Method", "Access-Control-Request-Headers", Content-Type:"application/json", X-Content-Type-Options:"nosniff", X-XSS-Protection:"0", Cache-Control:"no-cache, no-store, max-age=0, must-revalidate", Pragma:"no-cache", Expires:"0", X-Frame-Options:"DENY"]
     Content type = application/json
             Body = {"timestamp":"2025-10-27T03:53:58.852+00:00","message":"Bad credentials","details":"uri=/auth/login"}
    Forwarded URL = null
   Redirected URL = null
          Cookies = []
]]></system-out>
  </testcase>
</testsuite>